{"/home/adri/Desktop/Courses/UnitTesting/my-vue-app/src/components/HelloWorld.vue": {"path":"/home/adri/Desktop/Courses/UnitTesting/my-vue-app/src/components/HelloWorld.vue","statementMap":{"0":{"start":{"line":16,"column":14},"end":{"line":16,"column":null}},"1":{"start":{"line":18,"column":18},"end":{"line":20,"column":null}},"2":{"start":{"line":19,"column":2},"end":{"line":19,"column":null}},"3":{"start":{"line":22,"column":24},"end":{"line":24,"column":null}},"4":{"start":{"line":23,"column":2},"end":{"line":23,"column":null}},"5":{"start":{"line":26,"column":27},"end":{"line":28,"column":null}},"6":{"start":{"line":27,"column":2},"end":{"line":27,"column":null}},"7":{"start":{"line":30,"column":24},"end":{"line":30,"column":null}},"8":{"start":{"line":30,"column":39},"end":{"line":30,"column":63}},"9":{"start":{"line":32,"column":26},"end":{"line":32,"column":null}},"10":{"start":{"line":34,"column":0},"end":{"line":41,"column":null}},"11":{"start":{"line":34,"column":12},"end":{"line":34,"column":23}},"12":{"start":{"line":35,"column":2},"end":{"line":35,"column":null}},"13":{"start":{"line":37,"column":2},"end":{"line":39,"column":null}},"14":{"start":{"line":38,"column":4},"end":{"line":38,"column":null}},"15":{"start":{"line":40,"column":2},"end":{"line":40,"column":null}},"16":{"start":{"line":72,"column":2},"end":{"line":72,"column":76}}},"fnMap":{"0":{"name":"(anonymous_1)","decl":{"start":{"line":18,"column":18},"end":{"line":18,"column":24}},"loc":{"start":{"line":18,"column":24},"end":{"line":20,"column":null}}},"1":{"name":"(anonymous_2)","decl":{"start":{"line":22,"column":24},"end":{"line":22,"column":30}},"loc":{"start":{"line":22,"column":30},"end":{"line":24,"column":null}}},"2":{"name":"(anonymous_3)","decl":{"start":{"line":26,"column":27},"end":{"line":26,"column":33}},"loc":{"start":{"line":26,"column":33},"end":{"line":28,"column":null}}},"3":{"name":"(anonymous_4)","decl":{"start":{"line":30,"column":33},"end":{"line":30,"column":39}},"loc":{"start":{"line":30,"column":39},"end":{"line":30,"column":63}}},"4":{"name":"(anonymous_5)","decl":{"start":{"line":34,"column":6},"end":{"line":34,"column":12}},"loc":{"start":{"line":34,"column":12},"end":{"line":34,"column":23}}},"5":{"name":"(anonymous_6)","decl":{"start":{"line":34,"column":23},"end":{"line":34,"column":24}},"loc":{"start":{"line":34,"column":34},"end":{"line":41,"column":1}}},"6":{"name":"(anonymous_11)","decl":{"start":{"line":72,"column":2},"end":{"line":72,"column":5}},"loc":{"start":{"line":72,"column":2},"end":{"line":72,"column":76}}}},"branchMap":{"0":{"loc":{"start":{"line":37,"column":2},"end":{"line":39,"column":null}},"type":"if","locations":[{"start":{"line":37,"column":2},"end":{"line":39,"column":null}},{"start":{"line":37,"column":2},"end":{"line":39,"column":null}}]}},"s":{"0":23,"1":23,"2":1,"3":23,"4":2,"5":23,"6":1,"7":23,"8":25,"9":23,"10":23,"11":25,"12":2,"13":2,"14":1,"15":1,"16":4},"f":{"0":1,"1":2,"2":1,"3":25,"4":25,"5":2,"6":2},"b":{"0":[1,1]}}
,"/home/adri/Desktop/Courses/UnitTesting/my-vue-app/src/components/TitleComponent.vue": {"path":"/home/adri/Desktop/Courses/UnitTesting/my-vue-app/src/components/TitleComponent.vue","statementMap":{"0":{"start":{"line":13,"column":0},"end":{"line":15,"column":null}},"1":{"start":{"line":14,"column":2},"end":{"line":14,"column":null}},"2":{"start":{"line":19,"column":30},"end":{"line":null,"column":-1}}},"fnMap":{"0":{"name":"(anonymous_1)","decl":{"start":{"line":13,"column":10},"end":{"line":13,"column":16}},"loc":{"start":{"line":13,"column":16},"end":{"line":15,"column":1}}},"1":{"name":"(anonymous_3)","decl":{"start":{"line":19,"column":6},"end":{"line":19,"column":15}},"loc":{"start":{"line":19,"column":30},"end":{"line":null,"column":-1}}}},"branchMap":{},"s":{"0":5,"1":5,"2":4},"f":{"0":5,"1":4},"b":{}}
,"/home/adri/Desktop/Courses/UnitTesting/my-vue-app/src/stores/appStore.ts": {"path":"/home/adri/Desktop/Courses/UnitTesting/my-vue-app/src/stores/appStore.ts","statementMap":{"0":{"start":{"line":3,"column":27},"end":{"line":13,"column":null}},"1":{"start":{"line":4,"column":18},"end":{"line":4,"column":null}},"2":{"start":{"line":6,"column":38},"end":{"line":6,"column":null}},"3":{"start":{"line":10,"column":12},"end":{"line":10,"column":null}}},"fnMap":{"0":{"name":"(anonymous_0)","decl":{"start":{"line":4,"column":11},"end":{"line":4,"column":18}},"loc":{"start":{"line":4,"column":18},"end":{"line":4,"column":null}}},"1":{"name":"(anonymous_1)","decl":{"start":{"line":6,"column":27},"end":{"line":6,"column":28}},"loc":{"start":{"line":6,"column":38},"end":{"line":6,"column":null}}},"2":{"name":"(anonymous_2)","decl":{"start":{"line":9,"column":8},"end":{"line":9,"column":22}},"loc":{"start":{"line":9,"column":35},"end":{"line":11,"column":null}}}},"branchMap":{},"s":{"0":4,"1":34,"2":27,"3":0},"f":{"0":34,"1":27,"2":0},"b":{}}
,"/home/adri/Desktop/Courses/UnitTesting/my-vue-app/src/utils/wrapperFactory.ts": {"path":"/home/adri/Desktop/Courses/UnitTesting/my-vue-app/src/utils/wrapperFactory.ts","statementMap":{"0":{"start":{"line":5,"column":23},"end":{"line":14,"column":null}},"1":{"start":{"line":6,"column":67},"end":{"line":11,"column":null}},"2":{"start":{"line":13,"column":4},"end":{"line":13,"column":null}}},"fnMap":{"0":{"name":"(anonymous_0)","decl":{"start":{"line":5,"column":23},"end":{"line":5,"column":38}},"loc":{"start":{"line":5,"column":116},"end":{"line":14,"column":null}}}},"branchMap":{"0":{"loc":{"start":{"line":13,"column":41},"end":{"line":13,"column":56}},"type":"binary-expr","locations":[{"start":{"line":13,"column":41},"end":{"line":13,"column":52}},{"start":{"line":13,"column":52},"end":{"line":13,"column":56}}]}},"s":{"0":3,"1":33,"2":33},"f":{"0":33},"b":{"0":[33,16]}}
,"/home/adri/Desktop/Courses/UnitTesting/my-vue-app/src/views/About.vue": {"path":"/home/adri/Desktop/Courses/UnitTesting/my-vue-app/src/views/About.vue","statementMap":{"0":{"start":{"line":8,"column":14},"end":{"line":8,"column":null}},"1":{"start":{"line":13,"column":30},"end":{"line":13,"column":null}},"2":{"start":{"line":15,"column":13},"end":{"line":19,"column":null}},"3":{"start":{"line":21,"column":14},"end":{"line":21,"column":null}},"4":{"start":{"line":22,"column":21},"end":{"line":22,"column":null}},"5":{"start":{"line":24,"column":0},"end":{"line":30,"column":null}},"6":{"start":{"line":25,"column":2},"end":{"line":27,"column":null}},"7":{"start":{"line":26,"column":4},"end":{"line":26,"column":null}},"8":{"start":{"line":29,"column":2},"end":{"line":29,"column":null}},"9":{"start":{"line":32,"column":0},"end":{"line":41,"column":null}},"10":{"start":{"line":33,"column":2},"end":{"line":35,"column":null}},"11":{"start":{"line":34,"column":4},"end":{"line":34,"column":null}},"12":{"start":{"line":37,"column":2},"end":{"line":40,"column":null}},"13":{"start":{"line":48,"column":39},"end":{"line":48,"column":null}},"14":{"start":{"line":49,"column":12},"end":{"line":49,"column":null}},"15":{"start":{"line":52,"column":10},"end":{"line":52,"column":null}}},"fnMap":{"0":{"name":"(anonymous_1)","decl":{"start":{"line":24,"column":25},"end":{"line":24,"column":32}},"loc":{"start":{"line":24,"column":42},"end":{"line":30,"column":1}}},"1":{"name":"(anonymous_2)","decl":{"start":{"line":32,"column":25},"end":{"line":32,"column":32}},"loc":{"start":{"line":32,"column":42},"end":{"line":41,"column":1}}},"2":{"name":"(anonymous_4)","decl":{"start":{"line":48,"column":15},"end":{"line":48,"column":18}},"loc":{"start":{"line":48,"column":32},"end":{"line":48,"column":null}}},"3":{"name":"(anonymous_5)","decl":{"start":{"line":49,"column":10},"end":{"line":49,"column":12}},"loc":{"start":{"line":49,"column":12},"end":{"line":49,"column":null}}},"4":{"name":"(anonymous_6)","decl":{"start":{"line":52,"column":8},"end":{"line":52,"column":10}},"loc":{"start":{"line":52,"column":10},"end":{"line":52,"column":null}}}},"branchMap":{"0":{"loc":{"start":{"line":25,"column":2},"end":{"line":27,"column":null}},"type":"if","locations":[{"start":{"line":25,"column":2},"end":{"line":27,"column":null}},{"start":{"line":25,"column":2},"end":{"line":27,"column":null}}]},"1":{"loc":{"start":{"line":33,"column":2},"end":{"line":35,"column":null}},"type":"if","locations":[{"start":{"line":33,"column":2},"end":{"line":35,"column":null}},{"start":{"line":33,"column":2},"end":{"line":35,"column":null}}]},"2":{"loc":{"start":{"line":46,"column":10},"end":{"line":49,"column":null}},"type":"cond-expr","locations":[{"start":{"line":46,"column":10},"end":{"line":49,"column":null}},{"start":{"line":49,"column":17},"end":{"line":49,"column":null}}]},"3":{"loc":{"start":{"line":48,"column":15},"end":{"line":48,"column":null}},"type":"binary-expr","locations":[{"start":{"line":48,"column":15},"end":{"line":48,"column":18}},{"start":{"line":48,"column":15},"end":{"line":48,"column":null}}]},"4":{"loc":{"start":{"line":49,"column":10},"end":{"line":49,"column":null}},"type":"binary-expr","locations":[{"start":{"line":49,"column":10},"end":{"line":49,"column":12}},{"start":{"line":49,"column":10},"end":{"line":49,"column":null}}]},"5":{"loc":{"start":{"line":52,"column":8},"end":{"line":52,"column":null}},"type":"binary-expr","locations":[{"start":{"line":52,"column":8},"end":{"line":52,"column":10}},{"start":{"line":52,"column":8},"end":{"line":52,"column":null}}]}},"s":{"0":8,"1":8,"2":8,"3":8,"4":8,"5":8,"6":3,"7":1,"8":2,"9":8,"10":3,"11":1,"12":2,"13":1,"14":1,"15":2},"f":{"0":3,"1":3,"2":1,"3":1,"4":2},"b":{"0":[1,2],"1":[1,2],"2":[10,1],"3":[10,8],"4":[10,8],"5":[11,8]}}
,"/home/adri/Desktop/Courses/UnitTesting/my-vue-app/src/views/Home.vue": {"path":"/home/adri/Desktop/Courses/UnitTesting/my-vue-app/src/views/Home.vue","statementMap":{"0":{"start":{"line":7,"column":15},"end":{"line":7,"column":null}},"1":{"start":{"line":8,"column":14},"end":{"line":8,"column":null}},"2":{"start":{"line":10,"column":18},"end":{"line":12,"column":null}},"3":{"start":{"line":11,"column":2},"end":{"line":11,"column":null}},"4":{"start":{"line":14,"column":30},"end":{"line":14,"column":null}},"5":{"start":{"line":16,"column":0},"end":{"line":18,"column":null}},"6":{"start":{"line":17,"column":2},"end":{"line":17,"column":null}},"7":{"start":{"line":30,"column":2},"end":{"line":30,"column":null}},"8":{"start":{"line":28,"column":2},"end":{"line":28,"column":13}}},"fnMap":{"0":{"name":"(anonymous_1)","decl":{"start":{"line":10,"column":18},"end":{"line":10,"column":24}},"loc":{"start":{"line":10,"column":24},"end":{"line":12,"column":null}}},"1":{"name":"(anonymous_2)","decl":{"start":{"line":16,"column":25},"end":{"line":16,"column":31}},"loc":{"start":{"line":16,"column":31},"end":{"line":18,"column":1}}},"2":{"name":"(anonymous_4)","decl":{"start":{"line":28,"column":25},"end":{"line":28,"column":null}},"loc":{"start":{"line":30,"column":2},"end":{"line":30,"column":null}}},"3":{"name":"(anonymous_5)","decl":{"start":{"line":26,"column":1},"end":{"line":26,"column":null}},"loc":{"start":{"line":28,"column":2},"end":{"line":28,"column":13}}}},"branchMap":{},"s":{"0":10,"1":10,"2":10,"3":1,"4":10,"5":10,"6":6,"7":2,"8":15},"f":{"0":1,"1":6,"2":2,"3":15},"b":{}}
}
